0 info it worked if it ends with ok
1 verbose cli [ '/Users/eerdal/.nvm/versions/node/v6.5.0/bin/node',
1 verbose cli   '/Users/eerdal/.nvm/versions/node/v6.5.0/bin/npm',
1 verbose cli   'start' ]
2 info using npm@3.10.3
3 info using node@v6.5.0
4 verbose run-script [ 'prestart', 'start', 'poststart' ]
5 info lifecycle simple-react-project@~prestart: simple-react-project@
6 silly lifecycle simple-react-project@~prestart: no script for prestart, continuing
7 info lifecycle simple-react-project@~start: simple-react-project@
8 verbose lifecycle simple-react-project@~start: unsafe-perm in lifecycle true
9 verbose lifecycle simple-react-project@~start: PATH: /Users/eerdal/.nvm/versions/node/v6.5.0/lib/node_modules/npm/bin/node-gyp-bin:/Users/eerdal/Downloads/sample_react_projects-master/6_redux/node_modules/.bin:/Users/eerdal/.nvm/versions/node/v6.5.0/bin:/Users/eerdal/.rvm/gems/ruby-2.2.2/bin:/Users/eerdal/.rvm/gems/ruby-2.2.2@global/bin:/Users/eerdal/.rvm/rubies/ruby-2.2.2/bin:/Users/eerdal/.nvm/versions/node/v6.5.0/bin:/Library/Java/JavaVirtualMachines/jdk1.8.0_102.jdk/Contents/Home/bin:/usr/local/bin:/usr/bin:/bin:/usr/sbin:/sbin:/Users/eerdal/.rvm/bin
10 verbose lifecycle simple-react-project@~start: CWD: /Users/eerdal/Downloads/sample_react_projects-master/6_redux
11 silly lifecycle simple-react-project@~start: Args: [ '-c', 'npm run api && node server.js' ]
12 silly lifecycle simple-react-project@~start: Returned: code: 1  signal: null
13 info lifecycle simple-react-project@~start: Failed to exec start script
14 verbose stack Error: simple-react-project@ start: `npm run api && node server.js`
14 verbose stack Exit status 1
14 verbose stack     at EventEmitter.<anonymous> (/Users/eerdal/.nvm/versions/node/v6.5.0/lib/node_modules/npm/lib/utils/lifecycle.js:242:16)
14 verbose stack     at emitTwo (events.js:106:13)
14 verbose stack     at EventEmitter.emit (events.js:191:7)
14 verbose stack     at ChildProcess.<anonymous> (/Users/eerdal/.nvm/versions/node/v6.5.0/lib/node_modules/npm/lib/utils/spawn.js:40:14)
14 verbose stack     at emitTwo (events.js:106:13)
14 verbose stack     at ChildProcess.emit (events.js:191:7)
14 verbose stack     at maybeClose (internal/child_process.js:877:16)
14 verbose stack     at Process.ChildProcess._handle.onexit (internal/child_process.js:226:5)
15 verbose pkgid simple-react-project@
16 verbose cwd /Users/eerdal/Downloads/sample_react_projects-master/6_redux
17 error Darwin 15.6.0
18 error argv "/Users/eerdal/.nvm/versions/node/v6.5.0/bin/node" "/Users/eerdal/.nvm/versions/node/v6.5.0/bin/npm" "start"
19 error node v6.5.0
20 error npm  v3.10.3
21 error code ELIFECYCLE
22 error simple-react-project@ start: `npm run api && node server.js`
22 error Exit status 1
23 error Failed at the simple-react-project@ start script 'npm run api && node server.js'.
23 error Make sure you have the latest version of node.js and npm installed.
23 error If you do, this is most likely a problem with the simple-react-project package,
23 error not with npm itself.
23 error Tell the author that this fails on your system:
23 error     npm run api && node server.js
23 error You can get information on how to open an issue for this project with:
23 error     npm bugs simple-react-project
23 error Or if that isn't available, you can get their info via:
23 error     npm owner ls simple-react-project
23 error There is likely additional logging output above.
24 verbose exit [ 1, true ]
